
06.06.2024 21:00:03 chat: 24983876, user: Mauricio_loo, text: /start
06.06.2024 21:00:16 chat: 24983876, user: Mauricio_loo, text: no text
06.06.2024 21:03:12 chat: 24983876, user: Mauricio_loo, text: /start
06.06.2024 21:03:18 chat: 24983876, user: Mauricio_loo, text: no text
06.06.2024 21:08:13 chat: unknown, user: unknown, text: no text
06.06.2024 21:08:13 chat: unknown, user: unknown, text: no text
06.06.2024 21:08:14 chat: unknown, user: unknown, text: no text
06.06.2024 21:08:16 chat: unknown, user: unknown, text: no text
06.06.2024 21:08:22 chat: unknown, user: unknown, text: no text
06.06.2024 21:08:32 chat: unknown, user: unknown, text: no text
06.06.2024 21:08:53 chat: unknown, user: unknown, text: no text
06.06.2024 21:09:32 chat: unknown, user: unknown, text: no text
06.06.2024 21:10:36 chat: unknown, user: unknown, text: no text
06.06.2024 21:10:36 chat: unknown, user: unknown, text: no text
06.06.2024 21:10:37 chat: unknown, user: unknown, text: no text
06.06.2024 21:10:37 chat: unknown, user: unknown, text: no text
06.06.2024 21:10:39 chat: unknown, user: unknown, text: no text
06.06.2024 21:10:43 chat: unknown, user: unknown, text: no text
06.06.2024 21:10:52 chat: unknown, user: unknown, text: no text
06.06.2024 21:10:52 chat: unknown, user: unknown, text: no text
06.06.2024 21:10:52 chat: unknown, user: unknown, text: no text
06.06.2024 21:10:52 chat: unknown, user: unknown, text: no text
06.06.2024 21:10:57 chat: unknown, user: unknown, text: no text
06.06.2024 21:11:01 chat: unknown, user: unknown, text: no text
06.06.2024 21:11:10 chat: unknown, user: unknown, text: no text
06.06.2024 21:11:26 chat: unknown, user: unknown, text: no text
06.06.2024 21:11:58 chat: unknown, user: unknown, text: no text
06.06.2024 21:13:02 chat: unknown, user: unknown, text: no text
06.06.2024 21:13:03 chat: unknown, user: unknown, text: no text
06.06.2024 21:13:03 chat: unknown, user: unknown, text: no text
06.06.2024 21:13:03 chat: unknown, user: unknown, text: no text
06.06.2024 21:13:05 chat: unknown, user: unknown, text: no text
06.06.2024 21:13:09 chat: unknown, user: unknown, text: no text
06.06.2024 21:13:10 chat: unknown, user: unknown, text: no text
06.06.2024 21:13:10 chat: unknown, user: unknown, text: no text
06.06.2024 21:13:12 chat: unknown, user: unknown, text: no text
06.06.2024 21:13:20 chat: unknown, user: unknown, text: no text
06.06.2024 21:13:28 chat: unknown, user: unknown, text: no text
06.06.2024 21:13:28 chat: unknown, user: unknown, text: no text
06.06.2024 21:13:29 chat: unknown, user: unknown, text: no text
06.06.2024 21:13:31 chat: unknown, user: unknown, text: no text
06.06.2024 21:13:35 chat: unknown, user: unknown, text: no text
06.06.2024 21:13:43 chat: unknown, user: unknown, text: no text
06.06.2024 21:13:49 chat: unknown, user: unknown, text: no text
06.06.2024 21:13:52 chat: unknown, user: unknown, text: no text
06.06.2024 21:13:54 chat: unknown, user: unknown, text: no text
06.06.2024 21:13:57 chat: unknown, user: unknown, text: no text
06.06.2024 21:13:58 chat: unknown, user: unknown, text: no text
06.06.2024 21:14:00 chat: unknown, user: unknown, text: no text
06.06.2024 21:14:00 chat: unknown, user: unknown, text: no text
06.06.2024 21:14:00 chat: unknown, user: unknown, text: no text
06.06.2024 21:14:02 chat: unknown, user: unknown, text: no text
06.06.2024 21:14:06 chat: unknown, user: unknown, text: no text
06.06.2024 21:14:15 chat: unknown, user: unknown, text: no text
06.06.2024 21:14:31 chat: unknown, user: unknown, text: no text
06.06.2024 21:14:31 chat: unknown, user: unknown, text: no text
06.06.2024 21:15:27 chat: unknown, user: unknown, text: no text
06.06.2024 21:16:02 chat: unknown, user: unknown, text: no text
06.06.2024 21:16:05 chat: unknown, user: unknown, text: no text
06.06.2024 21:16:27 chat: unknown, user: unknown, text: no text
06.06.2024 21:16:30 chat: unknown, user: unknown, text: no text
06.06.2024 21:16:33 chat: unknown, user: unknown, text: no text
06.06.2024 21:16:36 chat: unknown, user: unknown, text: no text
06.06.2024 21:16:38 chat: unknown, user: unknown, text: no text
06.06.2024 21:16:43 chat: unknown, user: unknown, text: no text
06.06.2024 21:16:55 chat: unknown, user: unknown, text: no text
06.06.2024 21:17:02 chat: unknown, user: unknown, text: no text
06.06.2024 21:17:03 chat: unknown, user: unknown, text: no text
06.06.2024 21:17:32 chat: unknown, user: unknown, text: no text
06.06.2024 21:17:34 chat: unknown, user: unknown, text: no text
06.06.2024 21:17:36 chat: unknown, user: unknown, text: no text
06.06.2024 21:17:38 chat: unknown, user: unknown, text: no text
06.06.2024 21:17:44 chat: unknown, user: unknown, text: no text
06.06.2024 21:17:45 chat: unknown, user: unknown, text: no text
06.06.2024 21:19:25 chat: unknown, user: unknown, text: no text
06.06.2024 21:19:29 chat: unknown, user: unknown, text: no text
06.06.2024 21:19:37 chat: unknown, user: unknown, text: no text
06.06.2024 21:19:39 chat: unknown, user: unknown, text: no text
06.06.2024 21:19:42 chat: unknown, user: unknown, text: no text
06.06.2024 22:21:01 chat: unknown, user: unknown, text: no text
06.06.2024 22:21:03 chat: unknown, user: unknown, text: no text
06.06.2024 22:21:04 chat: unknown, user: unknown, text: no text
06.06.2024 22:21:06 chat: unknown, user: unknown, text: no text
06.06.2024 22:21:12 chat: unknown, user: unknown, text: no text
06.06.2024 22:21:17 chat: unknown, user: unknown, text: no text
06.06.2024 22:21:23 chat: unknown, user: unknown, text: no text
06.06.2024 22:21:23 chat: unknown, user: unknown, text: no text
06.06.2024 22:21:25 chat: unknown, user: unknown, text: no text
06.06.2024 22:21:29 chat: unknown, user: unknown, text: no text
06.06.2024 22:21:49 chat: unknown, user: unknown, text: no text
06.06.2024 22:22:05 chat: unknown, user: unknown, text: no text
06.06.2024 22:22:38 chat: unknown, user: unknown, text: no text
06.06.2024 22:23:42 chat: unknown, user: unknown, text: no text
06.06.2024 22:29:42 chat: 512488094, user: awerpool, text: /start
06.06.2024 22:30:32 chat: 512488094, user: awerpool, text: /demo
06.06.2024 22:31:02 chat: unknown, user: unknown, text: no text
06.06.2024 22:31:22 chat: 512488094, user: awerpool, text: /demo
06.06.2024 22:31:25 chat: unknown, user: unknown, text: no text
06.06.2024 22:31:29 chat: unknown, user: unknown, text: no text
06.06.2024 22:31:31 chat: unknown, user: unknown, text: no text
06.06.2024 22:31:33 chat: unknown, user: unknown, text: no text
06.06.2024 22:31:38 chat: unknown, user: unknown, text: no text
06.06.2024 22:32:56 chat: 512488094, user: awerpool, text: no text
06.06.2024 22:33:04 chat: 512488094, user: awerpool, text: Треск
06.06.2024 22:33:07 chat: 512488094, user: awerpool, text: Опп
06.06.2024 22:33:10 chat: 512488094, user: awerpool, text: Олл
06.06.2024 22:35:21 chat: 918595645, user: alishalebedeva, text: /start
06.06.2024 22:35:36 chat: 918595645, user: alishalebedeva, text: no text
08.06.2024 15:06:16 chat: 24983876, user: Mauricio_loo, text: /start
08.06.2024 15:06:30 chat: unknown, user: unknown, text: no text
08.06.2024 15:06:36 chat: unknown, user: unknown, text: no text
08.06.2024 15:06:38 chat: unknown, user: unknown, text: no text
08.06.2024 15:06:40 chat: unknown, user: unknown, text: no text
08.06.2024 15:06:42 chat: unknown, user: unknown, text: no text
08.06.2024 15:07:39 chat: unknown, user: unknown, text: no text
08.06.2024 15:07:46 chat: unknown, user: unknown, text: no text
08.06.2024 15:07:48 chat: unknown, user: unknown, text: no text
